This file contains any messages produced by compilers while
running configure, to aid debugging if configure makes a mistake.

It was created by grid_framework configure 0.4, which was
generated by GNU Autoconf 2.65.  Invocation command line was

  $ ./configure 

## --------- ##
## Platform. ##
## --------- ##

hostname = orange08
uname -m = x86_64
uname -r = 3.0.21
uname -s = Linux
uname -v = #2 SMP PREEMPT Tue Feb 14 12:19:08 CET 2012

/usr/bin/uname -p = unknown
/bin/uname -X     = unknown

/bin/arch              = x86_64
/usr/bin/arch -k       = unknown
/usr/convex/getsysinfo = unknown
/usr/bin/hostinfo      = unknown
/bin/machine           = unknown
/usr/bin/oslevel       = unknown
/bin/universe          = unknown

PATH: /bin
PATH: /usr/bin
PATH: /usr/local/bin
PATH: /opt/XLE/bin


## ----------- ##
## Core tests. ##
## ----------- ##

configure:2419: checking for a BSD-compatible install
configure:2487: result: /usr/bin/install -c
configure:2498: checking whether build environment is sane
configure:2548: result: yes
configure:2689: checking for a thread-safe mkdir -p
configure:2728: result: /bin/mkdir -p
configure:2741: checking for gawk
configure:2757: found /usr/bin/gawk
configure:2768: result: gawk
configure:2779: checking whether make sets $(MAKE)
configure:2801: result: yes
configure:2910: checking build system type
configure:2924: result: x86_64-unknown-linux-gnu
configure:2944: checking host system type
configure:2957: result: x86_64-unknown-linux-gnu
configure:2989: checking for style of include used by make
configure:3017: result: GNU
configure:3087: checking for gcc
configure:3103: found /usr/bin/gcc
configure:3114: result: gcc
configure:3343: checking for C compiler version
configure:3352: gcc --version >&5
gcc (PLD-Linux) 4.6.3 20120315 (release)
Copyright (C) 2011 Free Software Foundation, Inc.
This is free software; see the source for copying conditions.  There is NO
warranty; not even for MERCHANTABILITY or FITNESS FOR A PARTICULAR PURPOSE.

configure:3363: $? = 0
configure:3352: gcc -v >&5
Reading specs from /usr/lib64/gcc/x86_64-pld-linux/4.6.3/specs
COLLECT_GCC=gcc
COLLECT_LTO_WRAPPER=/usr/lib64/gcc/x86_64-pld-linux/4.6.3/lto-wrapper
Target: x86_64-pld-linux
Configured with: ../configure --prefix=/usr --with-local-prefix=/usr/local --libdir=/usr/lib64 --libexecdir=/usr/lib64 --infodir=/usr/share/info --mandir=/usr/share/man --x-libraries=/usr/lib64 --enable-checking=release --enable-gnu-unique-object --enable-shared --enable-threads=posix --enable-linker-build-id --enable-linux-futex --enable-languages=c,c++,fortran,objc,obj-c++,ada,java,go --enable-libgomp --enable-libmudflap --enable-c99 --enable-long-long --enable-decimal-float=yes --enable-nls --disable-werror --enable-lto --enable-plugin --disable-cld --with-gnu-as --with-gnu-ld --with-demangler-in-ld --with-system-zlib --with-slibdir=/lib64 --without-system-libunwind --enable-cmath --with-long-double-128 --with-ppl --with-cloog-ppl --with-gxx-include-dir=/usr/include/c++/4.6.3 --disable-libstdcxx-pch --enable-__cxa_atexit --enable-libstdcxx-allocator=new --enable-libjava-multilib=no --disable-gconf-peer --enable-java-awt=xlib,gtk --enable-libgcj --enable-libgcj-multifile --enable-libgcj-database --enable-gtk-cairo --enable-jni --enable-xmlj --enable-bootstrap --with-pkgversion=PLD-Linux --with-bugurl=http://bugs.pld-linux.org x86_64-pld-linux
Thread model: posix
gcc version 4.6.3 20120315 (release) (PLD-Linux) 
configure:3363: $? = 0
configure:3352: gcc -V >&5
gcc: error: unrecognized option '-V'
gcc: fatal error: no input files
compilation terminated.
configure:3363: $? = 1
configure:3352: gcc -qversion >&5
gcc: error: unrecognized option '-qversion'
gcc: fatal error: no input files
compilation terminated.
configure:3363: $? = 1
configure:3383: checking whether the C compiler works
configure:3405: gcc    conftest.c  >&5
configure:3409: $? = 0
configure:3458: result: yes
configure:3461: checking for C compiler default output file name
configure:3463: result: a.out
configure:3469: checking for suffix of executables
configure:3476: gcc -o conftest    conftest.c  >&5
configure:3480: $? = 0
configure:3502: result: 
configure:3524: checking whether we are cross compiling
configure:3532: gcc -o conftest    conftest.c  >&5
configure:3536: $? = 0
configure:3543: ./conftest
configure:3547: $? = 0
configure:3562: result: no
configure:3567: checking for suffix of object files
configure:3589: gcc -c   conftest.c >&5
configure:3593: $? = 0
configure:3614: result: o
configure:3618: checking whether we are using the GNU C compiler
configure:3637: gcc -c   conftest.c >&5
configure:3637: $? = 0
configure:3646: result: yes
configure:3655: checking whether gcc accepts -g
configure:3675: gcc -c -g  conftest.c >&5
configure:3675: $? = 0
configure:3716: result: yes
configure:3733: checking for gcc option to accept ISO C89
configure:3797: gcc  -c -g -O2  conftest.c >&5
configure:3797: $? = 0
configure:3810: result: none needed
configure:3832: checking dependency style of gcc
configure:3942: result: gcc3
configure:3957: checking for a sed that does not truncate output
configure:4021: result: /bin/sed
configure:4039: checking for grep that handles long lines and -e
configure:4097: result: /bin/grep
configure:4102: checking for egrep
configure:4164: result: /bin/grep -E
configure:4169: checking for fgrep
configure:4231: result: /bin/grep -F
configure:4266: checking for ld used by gcc
configure:4333: result: /usr/bin/ld
configure:4340: checking if the linker (/usr/bin/ld) is GNU ld
configure:4355: result: yes
configure:4367: checking for BSD- or MS-compatible name lister (nm)
configure:4416: result: /usr/bin/nm -B
configure:4534: checking the name lister (/usr/bin/nm -B) interface
configure:4541: gcc -c -g -O2  conftest.c >&5
configure:4544: /usr/bin/nm -B "conftest.o"
configure:4547: output
0000000000000000 B some_variable
configure:4554: result: BSD nm
configure:4557: checking whether ln -s works
configure:4561: result: yes
configure:4569: checking the maximum length of command line arguments
configure:4689: result: 3458764513820540925
configure:4706: checking whether the shell understands some XSI constructs
configure:4716: result: yes
configure:4720: checking whether the shell understands "+="
configure:4726: result: no
configure:4761: checking for /usr/bin/ld option to reload object files
configure:4768: result: -r
configure:4837: checking for objdump
configure:4853: found /usr/bin/objdump
configure:4864: result: objdump
configure:4896: checking how to recognize dependent libraries
configure:5092: result: pass_all
configure:5152: checking for ar
configure:5168: found /usr/bin/ar
configure:5179: result: ar
configure:5257: checking for strip
configure:5273: found /usr/bin/strip
configure:5284: result: strip
configure:5356: checking for ranlib
configure:5372: found /usr/bin/ranlib
configure:5383: result: ranlib
configure:5473: checking command to parse /usr/bin/nm -B output from gcc object
configure:5591: gcc -c -g -O2  conftest.c >&5
configure:5594: $? = 0
configure:5598: /usr/bin/nm -B conftest.o \| sed -n -e 's/^.*[	 ]\([ABCDGIRSTW][ABCDGIRSTW]*\)[	 ][	 ]*\([_A-Za-z][_A-Za-z0-9]*\)$/\1 \2 \2/p' \> conftest.nm
configure:5601: $? = 0
configure:5655: gcc -o conftest -g -O2   conftest.c conftstm.o >&5
configure:5658: $? = 0
configure:5696: result: ok
configure:5792: gcc -c -g -O2  conftest.c >&5
configure:5795: $? = 0
configure:6505: checking how to run the C preprocessor
configure:6536: gcc -E  conftest.c
configure:6536: $? = 0
configure:6550: gcc -E  conftest.c
conftest.c:11:28: fatal error: ac_nonexistent.h: No such file or directory
compilation terminated.
configure:6550: $? = 1
configure: failed program was:
| /* confdefs.h */
| #define PACKAGE_NAME "grid_framework"
| #define PACKAGE_TARNAME "grid_framework"
| #define PACKAGE_VERSION "0.4"
| #define PACKAGE_STRING "grid_framework 0.4"
| #define PACKAGE_BUGREPORT "ptab@google.com"
| #define PACKAGE_URL ""
| #define PACKAGE "grid_framework"
| #define VERSION "0.4"
| /* end confdefs.h.  */
| #include <ac_nonexistent.h>
configure:6575: result: gcc -E
configure:6595: gcc -E  conftest.c
configure:6595: $? = 0
configure:6609: gcc -E  conftest.c
conftest.c:11:28: fatal error: ac_nonexistent.h: No such file or directory
compilation terminated.
configure:6609: $? = 1
configure: failed program was:
| /* confdefs.h */
| #define PACKAGE_NAME "grid_framework"
| #define PACKAGE_TARNAME "grid_framework"
| #define PACKAGE_VERSION "0.4"
| #define PACKAGE_STRING "grid_framework 0.4"
| #define PACKAGE_BUGREPORT "ptab@google.com"
| #define PACKAGE_URL ""
| #define PACKAGE "grid_framework"
| #define VERSION "0.4"
| /* end confdefs.h.  */
| #include <ac_nonexistent.h>
configure:6638: checking for ANSI C header files
configure:6658: gcc -c -g -O2  conftest.c >&5
configure:6658: $? = 0
configure:6731: gcc -o conftest -g -O2   conftest.c  >&5
configure:6731: $? = 0
configure:6731: ./conftest
configure:6731: $? = 0
configure:6742: result: yes
configure:6755: checking for sys/types.h
configure:6755: gcc -c -g -O2  conftest.c >&5
configure:6755: $? = 0
configure:6755: result: yes
configure:6755: checking for sys/stat.h
configure:6755: gcc -c -g -O2  conftest.c >&5
configure:6755: $? = 0
configure:6755: result: yes
configure:6755: checking for stdlib.h
configure:6755: gcc -c -g -O2  conftest.c >&5
configure:6755: $? = 0
configure:6755: result: yes
configure:6755: checking for string.h
configure:6755: gcc -c -g -O2  conftest.c >&5
configure:6755: $? = 0
configure:6755: result: yes
configure:6755: checking for memory.h
configure:6755: gcc -c -g -O2  conftest.c >&5
configure:6755: $? = 0
configure:6755: result: yes
configure:6755: checking for strings.h
configure:6755: gcc -c -g -O2  conftest.c >&5
configure:6755: $? = 0
configure:6755: result: yes
configure:6755: checking for inttypes.h
configure:6755: gcc -c -g -O2  conftest.c >&5
configure:6755: $? = 0
configure:6755: result: yes
configure:6755: checking for stdint.h
configure:6755: gcc -c -g -O2  conftest.c >&5
configure:6755: $? = 0
configure:6755: result: yes
configure:6755: checking for unistd.h
configure:6755: gcc -c -g -O2  conftest.c >&5
configure:6755: $? = 0
configure:6755: result: yes
configure:6770: checking for dlfcn.h
configure:6770: gcc -c -g -O2  conftest.c >&5
configure:6770: $? = 0
configure:6770: result: yes
configure:6954: checking for objdir
configure:6969: result: .libs
configure:7265: checking if gcc supports -fno-rtti -fno-exceptions
configure:7283: gcc -c -g -O2  -fno-rtti -fno-exceptions conftest.c >&5
cc1: warning: command line option '-fno-rtti' is valid for C++/ObjC++ but not for C [enabled by default]
configure:7287: $? = 0
configure:7300: result: no
configure:7320: checking for gcc option to produce PIC
configure:7592: result: -fPIC -DPIC
configure:7604: checking if gcc PIC flag -fPIC -DPIC works
configure:7622: gcc -c -g -O2  -fPIC -DPIC -DPIC conftest.c >&5
configure:7626: $? = 0
configure:7639: result: yes
configure:7663: checking if gcc static flag -static works
configure:7691: result: no
configure:7706: checking if gcc supports -c -o file.o
configure:7727: gcc -c -g -O2  -o out/conftest2.o conftest.c >&5
configure:7731: $? = 0
configure:7753: result: yes
configure:7761: checking if gcc supports -c -o file.o
configure:7808: result: yes
configure:7841: checking whether the gcc linker (/usr/bin/ld -m elf_x86_64) supports shared libraries
configure:8832: result: yes
configure:8869: checking whether -lc should be explicitly linked in
configure:8874: gcc -c -g -O2  conftest.c >&5
configure:8877: $? = 0
configure:8892: gcc -shared conftest.o  -v -Wl,-soname -Wl,conftest -o conftest 2\>\&1 \| /bin/grep  -lc  \>/dev/null 2\>\&1
configure:8895: $? = 0
configure:8907: result: no
configure:9071: checking dynamic linker characteristics
configure:9504: gcc -o conftest -g -O2   -Wl,-rpath -Wl,/foo conftest.c  >&5
configure:9504: $? = 0
configure:9734: result: GNU/Linux ld.so
configure:9836: checking how to hardcode library paths into programs
configure:9861: result: immediate
configure:10381: checking whether stripping libraries is possible
configure:10386: result: yes
configure:10421: checking if libtool supports shared libraries
configure:10423: result: yes
configure:10426: checking whether to build shared libraries
configure:10447: result: yes
configure:10450: checking whether to build static libraries
configure:10454: result: yes
configure:10547: checking for g++
configure:10563: found /usr/bin/g++
configure:10574: result: g++
configure:10601: checking for C++ compiler version
configure:10610: g++ --version >&5
g++ (PLD-Linux) 4.6.3 20120315 (release)
Copyright (C) 2011 Free Software Foundation, Inc.
This is free software; see the source for copying conditions.  There is NO
warranty; not even for MERCHANTABILITY or FITNESS FOR A PARTICULAR PURPOSE.

configure:10621: $? = 0
configure:10610: g++ -v >&5
Reading specs from /usr/lib64/gcc/x86_64-pld-linux/4.6.3/specs
COLLECT_GCC=g++
COLLECT_LTO_WRAPPER=/usr/lib64/gcc/x86_64-pld-linux/4.6.3/lto-wrapper
Target: x86_64-pld-linux
Configured with: ../configure --prefix=/usr --with-local-prefix=/usr/local --libdir=/usr/lib64 --libexecdir=/usr/lib64 --infodir=/usr/share/info --mandir=/usr/share/man --x-libraries=/usr/lib64 --enable-checking=release --enable-gnu-unique-object --enable-shared --enable-threads=posix --enable-linker-build-id --enable-linux-futex --enable-languages=c,c++,fortran,objc,obj-c++,ada,java,go --enable-libgomp --enable-libmudflap --enable-c99 --enable-long-long --enable-decimal-float=yes --enable-nls --disable-werror --enable-lto --enable-plugin --disable-cld --with-gnu-as --with-gnu-ld --with-demangler-in-ld --with-system-zlib --with-slibdir=/lib64 --without-system-libunwind --enable-cmath --with-long-double-128 --with-ppl --with-cloog-ppl --with-gxx-include-dir=/usr/include/c++/4.6.3 --disable-libstdcxx-pch --enable-__cxa_atexit --enable-libstdcxx-allocator=new --enable-libjava-multilib=no --disable-gconf-peer --enable-java-awt=xlib,gtk --enable-libgcj --enable-libgcj-multifile --enable-libgcj-database --enable-gtk-cairo --enable-jni --enable-xmlj --enable-bootstrap --with-pkgversion=PLD-Linux --with-bugurl=http://bugs.pld-linux.org x86_64-pld-linux
Thread model: posix
gcc version 4.6.3 20120315 (release) (PLD-Linux) 
configure:10621: $? = 0
configure:10610: g++ -V >&5
g++: error: unrecognized option '-V'
g++: fatal error: no input files
compilation terminated.
configure:10621: $? = 1
configure:10610: g++ -qversion >&5
g++: error: unrecognized option '-qversion'
g++: fatal error: no input files
compilation terminated.
configure:10621: $? = 1
configure:10625: checking whether we are using the GNU C++ compiler
configure:10644: g++ -c   conftest.cpp >&5
configure:10644: $? = 0
configure:10653: result: yes
configure:10662: checking whether g++ accepts -g
configure:10682: g++ -c -g  conftest.cpp >&5
configure:10682: $? = 0
configure:10723: result: yes
configure:10748: checking dependency style of g++
configure:10858: result: gcc3
configure:10986: checking for C++ compiler version
configure:10995: g++ --version >&5
g++ (PLD-Linux) 4.6.3 20120315 (release)
Copyright (C) 2011 Free Software Foundation, Inc.
This is free software; see the source for copying conditions.  There is NO
warranty; not even for MERCHANTABILITY or FITNESS FOR A PARTICULAR PURPOSE.

configure:11006: $? = 0
configure:10995: g++ -v >&5
Reading specs from /usr/lib64/gcc/x86_64-pld-linux/4.6.3/specs
COLLECT_GCC=g++
COLLECT_LTO_WRAPPER=/usr/lib64/gcc/x86_64-pld-linux/4.6.3/lto-wrapper
Target: x86_64-pld-linux
Configured with: ../configure --prefix=/usr --with-local-prefix=/usr/local --libdir=/usr/lib64 --libexecdir=/usr/lib64 --infodir=/usr/share/info --mandir=/usr/share/man --x-libraries=/usr/lib64 --enable-checking=release --enable-gnu-unique-object --enable-shared --enable-threads=posix --enable-linker-build-id --enable-linux-futex --enable-languages=c,c++,fortran,objc,obj-c++,ada,java,go --enable-libgomp --enable-libmudflap --enable-c99 --enable-long-long --enable-decimal-float=yes --enable-nls --disable-werror --enable-lto --enable-plugin --disable-cld --with-gnu-as --with-gnu-ld --with-demangler-in-ld --with-system-zlib --with-slibdir=/lib64 --without-system-libunwind --enable-cmath --with-long-double-128 --with-ppl --with-cloog-ppl --with-gxx-include-dir=/usr/include/c++/4.6.3 --disable-libstdcxx-pch --enable-__cxa_atexit --enable-libstdcxx-allocator=new --enable-libjava-multilib=no --disable-gconf-peer --enable-java-awt=xlib,gtk --enable-libgcj --enable-libgcj-multifile --enable-libgcj-database --enable-gtk-cairo --enable-jni --enable-xmlj --enable-bootstrap --with-pkgversion=PLD-Linux --with-bugurl=http://bugs.pld-linux.org x86_64-pld-linux
Thread model: posix
gcc version 4.6.3 20120315 (release) (PLD-Linux) 
configure:11006: $? = 0
configure:10995: g++ -V >&5
g++: error: unrecognized option '-V'
g++: fatal error: no input files
compilation terminated.
configure:11006: $? = 1
configure:10995: g++ -qversion >&5
g++: error: unrecognized option '-qversion'
g++: fatal error: no input files
compilation terminated.
configure:11006: $? = 1
configure:11010: checking whether we are using the GNU C++ compiler
configure:11038: result: yes
configure:11047: checking whether g++ accepts -g
configure:11108: result: yes
configure:11133: checking dependency style of g++
configure:11243: result: gcc3
configure:11266: checking how to run the C++ preprocessor
configure:11293: g++ -E  conftest.cpp
configure:11293: $? = 0
configure:11307: g++ -E  conftest.cpp
conftest.cpp:23:28: fatal error: ac_nonexistent.h: No such file or directory
compilation terminated.
configure:11307: $? = 1
configure: failed program was:
| /* confdefs.h */
| #define PACKAGE_NAME "grid_framework"
| #define PACKAGE_TARNAME "grid_framework"
| #define PACKAGE_VERSION "0.4"
| #define PACKAGE_STRING "grid_framework 0.4"
| #define PACKAGE_BUGREPORT "ptab@google.com"
| #define PACKAGE_URL ""
| #define PACKAGE "grid_framework"
| #define VERSION "0.4"
| #define STDC_HEADERS 1
| #define HAVE_SYS_TYPES_H 1
| #define HAVE_SYS_STAT_H 1
| #define HAVE_STDLIB_H 1
| #define HAVE_STRING_H 1
| #define HAVE_MEMORY_H 1
| #define HAVE_STRINGS_H 1
| #define HAVE_INTTYPES_H 1
| #define HAVE_STDINT_H 1
| #define HAVE_UNISTD_H 1
| #define HAVE_DLFCN_H 1
| #define LT_OBJDIR ".libs/"
| /* end confdefs.h.  */
| #include <ac_nonexistent.h>
configure:11332: result: g++ -E
configure:11352: g++ -E  conftest.cpp
configure:11352: $? = 0
configure:11366: g++ -E  conftest.cpp
conftest.cpp:23:28: fatal error: ac_nonexistent.h: No such file or directory
compilation terminated.
configure:11366: $? = 1
configure: failed program was:
| /* confdefs.h */
| #define PACKAGE_NAME "grid_framework"
| #define PACKAGE_TARNAME "grid_framework"
| #define PACKAGE_VERSION "0.4"
| #define PACKAGE_STRING "grid_framework 0.4"
| #define PACKAGE_BUGREPORT "ptab@google.com"
| #define PACKAGE_URL ""
| #define PACKAGE "grid_framework"
| #define VERSION "0.4"
| #define STDC_HEADERS 1
| #define HAVE_SYS_TYPES_H 1
| #define HAVE_SYS_STAT_H 1
| #define HAVE_STDLIB_H 1
| #define HAVE_STRING_H 1
| #define HAVE_MEMORY_H 1
| #define HAVE_STRINGS_H 1
| #define HAVE_INTTYPES_H 1
| #define HAVE_STDINT_H 1
| #define HAVE_UNISTD_H 1
| #define HAVE_DLFCN_H 1
| #define LT_OBJDIR ".libs/"
| /* end confdefs.h.  */
| #include <ac_nonexistent.h>
configure:11534: checking for ld used by g++
configure:11601: result: /usr/bin/ld -m elf_x86_64
configure:11608: checking if the linker (/usr/bin/ld -m elf_x86_64) is GNU ld
configure:11623: result: yes
configure:11678: checking whether the g++ linker (/usr/bin/ld -m elf_x86_64) supports shared libraries
configure:12591: result: yes
configure:12619: g++ -c -g -O2  conftest.cpp >&5
configure:12622: $? = 0
configure:12804: checking for g++ option to produce PIC
configure:13121: result: -fPIC -DPIC
configure:13130: checking if g++ PIC flag -fPIC -DPIC works
configure:13148: g++ -c -g -O2  -fPIC -DPIC -DPIC conftest.cpp >&5
configure:13152: $? = 0
configure:13165: result: yes
configure:13186: checking if g++ static flag -static works
configure:13214: result: no
configure:13226: checking if g++ supports -c -o file.o
configure:13247: g++ -c -g -O2  -o out/conftest2.o conftest.cpp >&5
configure:13251: $? = 0
configure:13273: result: yes
configure:13278: checking if g++ supports -c -o file.o
configure:13325: result: yes
configure:13355: checking whether the g++ linker (/usr/bin/ld -m elf_x86_64) supports shared libraries
configure:13384: result: yes
configure:13521: checking dynamic linker characteristics
configure:13902: g++ -o conftest -g -O2   -Wl,-rpath -Wl,/foo conftest.cpp  >&5
configure:13902: $? = 0
configure:14132: result: GNU/Linux ld.so
configure:14183: checking how to hardcode library paths into programs
configure:14208: result: immediate
configure:14423: checking for the pthreads library -lpthreads
configure:14456: gcc -o conftest -g -O2    -I/usr/local/include -L/usr/local/lib:/url/lib conftest.c -lpthreads  >&5
/usr/bin/ld: cannot find -lpthreads
collect2: ld returned 1 exit status
configure:14456: $? = 1
configure: failed program was:
| /* confdefs.h */
| #define PACKAGE_NAME "grid_framework"
| #define PACKAGE_TARNAME "grid_framework"
| #define PACKAGE_VERSION "0.4"
| #define PACKAGE_STRING "grid_framework 0.4"
| #define PACKAGE_BUGREPORT "ptab@google.com"
| #define PACKAGE_URL ""
| #define PACKAGE "grid_framework"
| #define VERSION "0.4"
| #define STDC_HEADERS 1
| #define HAVE_SYS_TYPES_H 1
| #define HAVE_SYS_STAT_H 1
| #define HAVE_STDLIB_H 1
| #define HAVE_STRING_H 1
| #define HAVE_MEMORY_H 1
| #define HAVE_STRINGS_H 1
| #define HAVE_INTTYPES_H 1
| #define HAVE_STDINT_H 1
| #define HAVE_UNISTD_H 1
| #define HAVE_DLFCN_H 1
| #define LT_OBJDIR ".libs/"
| /* end confdefs.h.  */
| #include <pthread.h>
| int
| main ()
| {
| pthread_t th; pthread_join(th, 0);
|                      pthread_attr_init(0); pthread_cleanup_push(0, 0);
|                      pthread_create(0,0,0,0); pthread_cleanup_pop(0);
|   ;
|   return 0;
| }
configure:14465: result: no
configure:14368: checking whether pthreads work without any flags
configure:14456: gcc -o conftest -g -O2    -I/usr/local/include -L/usr/local/lib:/url/lib conftest.c   >&5
/tmp/ccy9xgJ5.o: In function `main':
/home/students/jsim/m/mr277570/zcodwh/kolumnowe/exec_plan/grid/conftest.c:27: undefined reference to `pthread_join'
/home/students/jsim/m/mr277570/zcodwh/kolumnowe/exec_plan/grid/conftest.c:28: undefined reference to `__pthread_register_cancel'
/home/students/jsim/m/mr277570/zcodwh/kolumnowe/exec_plan/grid/conftest.c:29: undefined reference to `pthread_create'
/home/students/jsim/m/mr277570/zcodwh/kolumnowe/exec_plan/grid/conftest.c:29: undefined reference to `__pthread_unregister_cancel'
collect2: ld returned 1 exit status
configure:14456: $? = 1
configure: failed program was:
| /* confdefs.h */
| #define PACKAGE_NAME "grid_framework"
| #define PACKAGE_TARNAME "grid_framework"
| #define PACKAGE_VERSION "0.4"
| #define PACKAGE_STRING "grid_framework 0.4"
| #define PACKAGE_BUGREPORT "ptab@google.com"
| #define PACKAGE_URL ""
| #define PACKAGE "grid_framework"
| #define VERSION "0.4"
| #define STDC_HEADERS 1
| #define HAVE_SYS_TYPES_H 1
| #define HAVE_SYS_STAT_H 1
| #define HAVE_STDLIB_H 1
| #define HAVE_STRING_H 1
| #define HAVE_MEMORY_H 1
| #define HAVE_STRINGS_H 1
| #define HAVE_INTTYPES_H 1
| #define HAVE_STDINT_H 1
| #define HAVE_UNISTD_H 1
| #define HAVE_DLFCN_H 1
| #define LT_OBJDIR ".libs/"
| /* end confdefs.h.  */
| #include <pthread.h>
| int
| main ()
| {
| pthread_t th; pthread_join(th, 0);
|                      pthread_attr_init(0); pthread_cleanup_push(0, 0);
|                      pthread_create(0,0,0,0); pthread_cleanup_pop(0);
|   ;
|   return 0;
| }
configure:14465: result: no
configure:14373: checking whether pthreads work with -Kthread
configure:14456: gcc -o conftest -g -O2 -Kthread   -I/usr/local/include -L/usr/local/lib:/url/lib conftest.c   >&5
gcc: error: unrecognized option '-Kthread'
configure:14456: $? = 1
configure: failed program was:
| /* confdefs.h */
| #define PACKAGE_NAME "grid_framework"
| #define PACKAGE_TARNAME "grid_framework"
| #define PACKAGE_VERSION "0.4"
| #define PACKAGE_STRING "grid_framework 0.4"
| #define PACKAGE_BUGREPORT "ptab@google.com"
| #define PACKAGE_URL ""
| #define PACKAGE "grid_framework"
| #define VERSION "0.4"
| #define STDC_HEADERS 1
| #define HAVE_SYS_TYPES_H 1
| #define HAVE_SYS_STAT_H 1
| #define HAVE_STDLIB_H 1
| #define HAVE_STRING_H 1
| #define HAVE_MEMORY_H 1
| #define HAVE_STRINGS_H 1
| #define HAVE_INTTYPES_H 1
| #define HAVE_STDINT_H 1
| #define HAVE_UNISTD_H 1
| #define HAVE_DLFCN_H 1
| #define LT_OBJDIR ".libs/"
| /* end confdefs.h.  */
| #include <pthread.h>
| int
| main ()
| {
| pthread_t th; pthread_join(th, 0);
|                      pthread_attr_init(0); pthread_cleanup_push(0, 0);
|                      pthread_create(0,0,0,0); pthread_cleanup_pop(0);
|   ;
|   return 0;
| }
configure:14465: result: no
configure:14373: checking whether pthreads work with -kthread
configure:14456: gcc -o conftest -g -O2 -kthread   -I/usr/local/include -L/usr/local/lib:/url/lib conftest.c   >&5
gcc: error: unrecognized option '-kthread'
configure:14456: $? = 1
configure: failed program was:
| /* confdefs.h */
| #define PACKAGE_NAME "grid_framework"
| #define PACKAGE_TARNAME "grid_framework"
| #define PACKAGE_VERSION "0.4"
| #define PACKAGE_STRING "grid_framework 0.4"
| #define PACKAGE_BUGREPORT "ptab@google.com"
| #define PACKAGE_URL ""
| #define PACKAGE "grid_framework"
| #define VERSION "0.4"
| #define STDC_HEADERS 1
| #define HAVE_SYS_TYPES_H 1
| #define HAVE_SYS_STAT_H 1
| #define HAVE_STDLIB_H 1
| #define HAVE_STRING_H 1
| #define HAVE_MEMORY_H 1
| #define HAVE_STRINGS_H 1
| #define HAVE_INTTYPES_H 1
| #define HAVE_STDINT_H 1
| #define HAVE_UNISTD_H 1
| #define HAVE_DLFCN_H 1
| #define LT_OBJDIR ".libs/"
| /* end confdefs.h.  */
| #include <pthread.h>
| int
| main ()
| {
| pthread_t th; pthread_join(th, 0);
|                      pthread_attr_init(0); pthread_cleanup_push(0, 0);
|                      pthread_create(0,0,0,0); pthread_cleanup_pop(0);
|   ;
|   return 0;
| }
configure:14465: result: no
configure:14423: checking for the pthreads library -llthread
configure:14456: gcc -o conftest -g -O2    -I/usr/local/include -L/usr/local/lib:/url/lib conftest.c -llthread  >&5
/usr/bin/ld: cannot find -llthread
collect2: ld returned 1 exit status
configure:14456: $? = 1
configure: failed program was:
| /* confdefs.h */
| #define PACKAGE_NAME "grid_framework"
| #define PACKAGE_TARNAME "grid_framework"
| #define PACKAGE_VERSION "0.4"
| #define PACKAGE_STRING "grid_framework 0.4"
| #define PACKAGE_BUGREPORT "ptab@google.com"
| #define PACKAGE_URL ""
| #define PACKAGE "grid_framework"
| #define VERSION "0.4"
| #define STDC_HEADERS 1
| #define HAVE_SYS_TYPES_H 1
| #define HAVE_SYS_STAT_H 1
| #define HAVE_STDLIB_H 1
| #define HAVE_STRING_H 1
| #define HAVE_MEMORY_H 1
| #define HAVE_STRINGS_H 1
| #define HAVE_INTTYPES_H 1
| #define HAVE_STDINT_H 1
| #define HAVE_UNISTD_H 1
| #define HAVE_DLFCN_H 1
| #define LT_OBJDIR ".libs/"
| /* end confdefs.h.  */
| #include <pthread.h>
| int
| main ()
| {
| pthread_t th; pthread_join(th, 0);
|                      pthread_attr_init(0); pthread_cleanup_push(0, 0);
|                      pthread_create(0,0,0,0); pthread_cleanup_pop(0);
|   ;
|   return 0;
| }
configure:14465: result: no
configure:14373: checking whether pthreads work with -pthread
configure:14456: gcc -o conftest -g -O2 -pthread   -I/usr/local/include -L/usr/local/lib:/url/lib conftest.c   >&5
configure:14456: $? = 0
configure:14465: result: yes
configure:14484: checking for joinable pthread attribute
configure:14499: gcc -o conftest -g -O2 -pthread   -I/usr/local/include -L/usr/local/lib:/url/lib conftest.c   >&5
configure:14499: $? = 0
configure:14505: result: PTHREAD_CREATE_JOINABLE
configure:14515: checking if more special flags are required for pthreads
configure:14522: result: no
configure:14656: checking for protoc
configure:14674: found /usr/bin/protoc
configure:14686: result: /usr/bin/protoc
configure:14713: checking for main in -lprotobuf
configure:14732: g++ -o conftest -g -O2 -pthread   -I/usr/local/include -L/usr/local/lib:/url/lib conftest.cpp -lprotobuf    >&5
configure:14732: $? = 0
configure:14741: result: yes
configure:14817: checking for boostlib >= 1.40
configure:14886: g++ -c -g -O2 -pthread -pthread   -pthread  -I/usr/include conftest.cpp >&5
configure:14886: $? = 0
configure:14888: result: yes
configure:15066: checking whether the Boost::Thread library is available
configure:15098: g++ -c -pthread -g -O2 -pthread -pthread   -pthread  -I/usr/include conftest.cpp >&5
configure:15098: $? = 0
configure:15113: result: yes
configure:15142: checking for exit in -lboost_thread
configure:15167: g++ -o conftest -g -O2 -pthread -pthread   -pthread  -I/usr/include  -I/usr/local/include -L/usr/local/lib:/url/lib -L/usr/lib64 conftest.cpp -lboost_thread  -lprotobuf   >&5
configure:15167: $? = 0
configure:15177: result: yes
configure:15340: checking whether the Boost::System library is available
configure:15364: g++ -c -g -O2 -pthread -pthread   -pthread  -pthread -I/usr/include conftest.cpp >&5
configure:15364: $? = 0
configure:15379: result: yes
configure:15394: checking for exit in -lboost_system
configure:15419: g++ -o conftest -g -O2 -pthread -pthread   -pthread  -pthread -I/usr/include  -I/usr/local/include -L/usr/local/lib:/url/lib -L/usr/lib64 conftest.cpp -lboost_system  -lprotobuf   >&5
configure:15419: $? = 0
configure:15429: result: yes
configure:15678: creating ./config.status

## ---------------------- ##
## Running config.status. ##
## ---------------------- ##

This file was extended by grid_framework config.status 0.4, which was
generated by GNU Autoconf 2.65.  Invocation command line was

  CONFIG_FILES    = 
  CONFIG_HEADERS  = 
  CONFIG_LINKS    = 
  CONFIG_COMMANDS = 
  $ ./config.status 

on orange08

config.status:1147: creating Makefile
config.status:1147: creating src/Makefile
config.status:1147: creating src/utils/Makefile
config.status:1147: creating src/netio/Makefile
config.status:1147: creating src/node_environment/Makefile
config.status:1147: creating src/node_environment_test_app/Makefile
config.status:1147: creating src/grid_server/Makefile
config.status:1147: creating src/grid_server/proto/Makefile
config.status:1147: creating src/sender/Makefile
config.status:1147: creating src/header.h
config.status:1367: executing depfiles commands
config.status:1367: executing libtool commands

## ---------------- ##
## Cache variables. ##
## ---------------- ##

ac_cv_build=x86_64-unknown-linux-gnu
ac_cv_c_compiler_gnu=yes
ac_cv_cxx_compiler_gnu=yes
ac_cv_env_CCC_set=
ac_cv_env_CCC_value=
ac_cv_env_CC_set=
ac_cv_env_CC_value=
ac_cv_env_CFLAGS_set=
ac_cv_env_CFLAGS_value=
ac_cv_env_CPPFLAGS_set=
ac_cv_env_CPPFLAGS_value=
ac_cv_env_CPP_set=
ac_cv_env_CPP_value=
ac_cv_env_CXXCPP_set=
ac_cv_env_CXXCPP_value=
ac_cv_env_CXXFLAGS_set=
ac_cv_env_CXXFLAGS_value=
ac_cv_env_CXX_set=
ac_cv_env_CXX_value=
ac_cv_env_LDFLAGS_set=
ac_cv_env_LDFLAGS_value=
ac_cv_env_LIBS_set=
ac_cv_env_LIBS_value=
ac_cv_env_build_alias_set=
ac_cv_env_build_alias_value=
ac_cv_env_host_alias_set=
ac_cv_env_host_alias_value=
ac_cv_env_target_alias_set=
ac_cv_env_target_alias_value=
ac_cv_header_dlfcn_h=yes
ac_cv_header_inttypes_h=yes
ac_cv_header_memory_h=yes
ac_cv_header_stdc=yes
ac_cv_header_stdint_h=yes
ac_cv_header_stdlib_h=yes
ac_cv_header_string_h=yes
ac_cv_header_strings_h=yes
ac_cv_header_sys_stat_h=yes
ac_cv_header_sys_types_h=yes
ac_cv_header_unistd_h=yes
ac_cv_host=x86_64-unknown-linux-gnu
ac_cv_lib_boost_system___exit=yes
ac_cv_lib_boost_thread___exit=yes
ac_cv_lib_protobuf_main=yes
ac_cv_objext=o
ac_cv_path_EGREP='/bin/grep -E'
ac_cv_path_FGREP='/bin/grep -F'
ac_cv_path_GREP=/bin/grep
ac_cv_path_SED=/bin/sed
ac_cv_path_ac_pt_PROTOC=/usr/bin/protoc
ac_cv_path_install='/usr/bin/install -c'
ac_cv_path_mkdir=/bin/mkdir
ac_cv_prog_AWK=gawk
ac_cv_prog_CPP='gcc -E'
ac_cv_prog_CXXCPP='g++ -E'
ac_cv_prog_ac_ct_AR=ar
ac_cv_prog_ac_ct_CC=gcc
ac_cv_prog_ac_ct_CXX=g++
ac_cv_prog_ac_ct_OBJDUMP=objdump
ac_cv_prog_ac_ct_RANLIB=ranlib
ac_cv_prog_ac_ct_STRIP=strip
ac_cv_prog_cc_c89=
ac_cv_prog_cc_g=yes
ac_cv_prog_cxx_g=yes
ac_cv_prog_make_make_set=yes
am_cv_CC_dependencies_compiler_type=gcc3
am_cv_CXX_dependencies_compiler_type=gcc3
ax_cv_boost_system=yes
ax_cv_boost_thread=yes
lt_cv_deplibs_check_method=pass_all
lt_cv_file_magic_cmd='$MAGIC_CMD'
lt_cv_file_magic_test_file=
lt_cv_ld_reload_flag=-r
lt_cv_nm_interface='BSD nm'
lt_cv_objdir=.libs
lt_cv_path_LD=/usr/bin/ld
lt_cv_path_LDCXX='/usr/bin/ld -m elf_x86_64'
lt_cv_path_NM='/usr/bin/nm -B'
lt_cv_prog_compiler_c_o=yes
lt_cv_prog_compiler_c_o_CXX=yes
lt_cv_prog_compiler_pic_works=yes
lt_cv_prog_compiler_pic_works_CXX=yes
lt_cv_prog_compiler_rtti_exceptions=no
lt_cv_prog_compiler_static_works=no
lt_cv_prog_compiler_static_works_CXX=no
lt_cv_prog_gnu_ld=yes
lt_cv_prog_gnu_ldcxx=yes
lt_cv_sys_global_symbol_pipe='sed -n -e '\''s/^.*[	 ]\([ABCDGIRSTW][ABCDGIRSTW]*\)[	 ][	 ]*\([_A-Za-z][_A-Za-z0-9]*\)$/\1 \2 \2/p'\'
lt_cv_sys_global_symbol_to_c_name_address='sed -n -e '\''s/^: \([^ ]*\) $/  {\"\1\", (void *) 0},/p'\'' -e '\''s/^[ABCDGIRSTW]* \([^ ]*\) \([^ ]*\)$/  {"\2", (void *) \&\2},/p'\'
lt_cv_sys_global_symbol_to_c_name_address_lib_prefix='sed -n -e '\''s/^: \([^ ]*\) $/  {\"\1\", (void *) 0},/p'\'' -e '\''s/^[ABCDGIRSTW]* \([^ ]*\) \(lib[^ ]*\)$/  {"\2", (void *) \&\2},/p'\'' -e '\''s/^[ABCDGIRSTW]* \([^ ]*\) \([^ ]*\)$/  {"lib\2", (void *) \&\2},/p'\'
lt_cv_sys_global_symbol_to_cdecl='sed -n -e '\''s/^T .* \(.*\)$/extern int \1();/p'\'' -e '\''s/^[ABCDGIRSTW]* .* \(.*\)$/extern char \1;/p'\'
lt_cv_sys_max_cmd_len=3458764513820540925

## ----------------- ##
## Output variables. ##
## ----------------- ##

ACLOCAL='${SHELL} /home/students/jsim/m/mr277570/zcodwh/kolumnowe/exec_plan/grid/missing --run aclocal-1.11'
AMDEPBACKSLASH='\'
AMDEP_FALSE='#'
AMDEP_TRUE=''
AMTAR='${SHELL} /home/students/jsim/m/mr277570/zcodwh/kolumnowe/exec_plan/grid/missing --run tar'
AR='ar'
AUTOCONF='${SHELL} /home/students/jsim/m/mr277570/zcodwh/kolumnowe/exec_plan/grid/missing --run autoconf'
AUTOHEADER='${SHELL} /home/students/jsim/m/mr277570/zcodwh/kolumnowe/exec_plan/grid/missing --run autoheader'
AUTOMAKE='${SHELL} /home/students/jsim/m/mr277570/zcodwh/kolumnowe/exec_plan/grid/missing --run automake-1.11'
AWK='gawk'
BOOST_CPPFLAGS='-pthread -I/usr/include'
BOOST_LDFLAGS='-L/usr/lib64'
BOOST_SYSTEM_LIB='-lboost_system'
BOOST_THREAD_LIB='-lboost_thread'
CC='gcc'
CCDEPMODE='depmode=gcc3'
CFLAGS='-g -O2 -pthread -pthread '
CPP='gcc -E'
CPPFLAGS=' -pthread '
CXX='g++'
CXXCPP='g++ -E'
CXXDEPMODE='depmode=gcc3'
CXXFLAGS='-g -O2 -pthread -pthread '
CYGPATH_W='echo'
DEFS='-DHAVE_CONFIG_H'
DEPDIR='.deps'
DSYMUTIL=''
DUMPBIN=''
ECHO_C=''
ECHO_N='-n'
ECHO_T=''
EGREP='/bin/grep -E'
EXEEXT=''
FGREP='/bin/grep -F'
GREP='/bin/grep'
INSTALL_DATA='${INSTALL} -m 644'
INSTALL_PROGRAM='${INSTALL}'
INSTALL_SCRIPT='${INSTALL}'
INSTALL_STRIP_PROGRAM='$(install_sh) -c -s'
LD='/usr/bin/ld -m elf_x86_64'
LDFLAGS=' -I/usr/local/include -L/usr/local/lib:/url/lib'
LIBOBJS=''
LIBS='-lprotobuf  '
LIBTOOL='$(SHELL) $(top_builddir)/libtool'
LIPO=''
LN_S='ln -s'
LTLIBOBJS=''
MAKEINFO='${SHELL} /home/students/jsim/m/mr277570/zcodwh/kolumnowe/exec_plan/grid/missing --run makeinfo'
MKDIR_P='/bin/mkdir -p'
NM='/usr/bin/nm -B'
NMEDIT=''
OBJDUMP='objdump'
OBJEXT='o'
OTOOL64=''
OTOOL=''
PACKAGE='grid_framework'
PACKAGE_BUGREPORT='ptab@google.com'
PACKAGE_NAME='grid_framework'
PACKAGE_STRING='grid_framework 0.4'
PACKAGE_TARNAME='grid_framework'
PACKAGE_URL=''
PACKAGE_VERSION='0.4'
PATH_SEPARATOR=':'
PROTOBUF_INCLUDES='.'
PROTOC='/usr/bin/protoc'
PTHREAD_CC='gcc'
PTHREAD_CFLAGS='-pthread'
PTHREAD_LIBS=''
RANLIB='ranlib'
SED='/bin/sed'
SET_MAKE=''
SHELL='/bin/sh'
STRIP='strip'
VERSION='0.4'
ac_ct_CC='gcc'
ac_ct_CXX='g++'
ac_ct_DUMPBIN=''
acx_pthread_config=''
am__EXEEXT_FALSE=''
am__EXEEXT_TRUE='#'
am__fastdepCC_FALSE='#'
am__fastdepCC_TRUE=''
am__fastdepCXX_FALSE='#'
am__fastdepCXX_TRUE=''
am__include='include'
am__isrc=''
am__leading_dot='.'
am__quote=''
am__tar='${AMTAR} chof - "$$tardir"'
am__untar='${AMTAR} xf -'
bindir='${exec_prefix}/bin'
build='x86_64-unknown-linux-gnu'
build_alias=''
build_cpu='x86_64'
build_os='linux-gnu'
build_vendor='unknown'
datadir='${datarootdir}'
datarootdir='${prefix}/share'
docdir='${datarootdir}/doc/${PACKAGE_TARNAME}'
dvidir='${docdir}'
exec_prefix='${prefix}'
host='x86_64-unknown-linux-gnu'
host_alias=''
host_cpu='x86_64'
host_os='linux-gnu'
host_vendor='unknown'
htmldir='${docdir}'
includedir='${prefix}/include'
infodir='${datarootdir}/info'
install_sh='${SHELL} /home/students/jsim/m/mr277570/zcodwh/kolumnowe/exec_plan/grid/install-sh'
libdir='${exec_prefix}/lib'
libexecdir='${exec_prefix}/libexec'
localedir='${datarootdir}/locale'
localstatedir='${prefix}/var'
lt_ECHO='/bin/echo'
mandir='${datarootdir}/man'
mkdir_p='/bin/mkdir -p'
oldincludedir='/usr/include'
pdfdir='${docdir}'
prefix='/usr/local'
program_transform_name='s,x,x,'
psdir='${docdir}'
sbindir='${exec_prefix}/sbin'
sharedstatedir='${prefix}/com'
sysconfdir='${prefix}/etc'
target_alias=''

## ----------- ##
## confdefs.h. ##
## ----------- ##

/* confdefs.h */
#define PACKAGE_NAME "grid_framework"
#define PACKAGE_TARNAME "grid_framework"
#define PACKAGE_VERSION "0.4"
#define PACKAGE_STRING "grid_framework 0.4"
#define PACKAGE_BUGREPORT "ptab@google.com"
#define PACKAGE_URL ""
#define PACKAGE "grid_framework"
#define VERSION "0.4"
#define STDC_HEADERS 1
#define HAVE_SYS_TYPES_H 1
#define HAVE_SYS_STAT_H 1
#define HAVE_STDLIB_H 1
#define HAVE_STRING_H 1
#define HAVE_MEMORY_H 1
#define HAVE_STRINGS_H 1
#define HAVE_INTTYPES_H 1
#define HAVE_STDINT_H 1
#define HAVE_UNISTD_H 1
#define HAVE_DLFCN_H 1
#define LT_OBJDIR ".libs/"
#define HAVE_PTHREAD 1
#define HAVE_LIBPROTOBUF 1
#define HAVE_BOOST /**/
#define HAVE_BOOST_THREAD /**/
#define HAVE_BOOST_SYSTEM /**/

configure: exit 0
